<?xml version="1.0" encoding="UTF-8"?>
<!-- Generated by org.testng.reporters.JUnitReportReporter -->
<testsuite hostname="LIN65005027" failures="0" tests="4" name="api.test.Testcases" time="6.567" errors="0" timestamp="2023-06-23T12:40:34 IST" skipped="0">
  <testcase classname="api.test.Testcases" name="PostRequest" time="3.038"/>
  <system-out/>
  <testcase classname="api.test.Testcases" name="GetRequest" time="0.905"/>
  <system-out/>
  <testcase classname="api.test.Testcases" name="UpdateRequest" time="1.751"/>
  <system-out/>
  <testcase classname="api.test.Testcases" name="DeleteRequest" time="0.873"/>
  <system-out/>
</testsuite> <!-- api.test.Testcases -->
