<?xml version="1.0" encoding="UTF-8"?>
<!-- Generated by org.testng.reporters.JUnitReportReporter -->
<testsuite hostname="LIN65005027" failures="0" tests="4" name="api.test.Testcases2" time="6.407" errors="0" timestamp="2023-06-23T14:50:01 IST" skipped="0">
  <testcase classname="api.test.Testcases2" name="PostRequest" time="2.830"/>
  <system-out/>
  <testcase classname="api.test.Testcases2" name="GetRequest" time="0.886"/>
  <system-out/>
  <testcase classname="api.test.Testcases2" name="UpdateRequest" time="1.788"/>
  <system-out/>
  <testcase classname="api.test.Testcases2" name="DeleteRequest" time="0.903"/>
  <system-out/>
</testsuite> <!-- api.test.Testcases2 -->
